<?xml version="1.0" encoding="UTF-8"?>
<robot generator="Robot 7.1.1 (Python 3.13.0 on win32)" generated="2025-02-13T18:44:26.835250" rpa="false" schemaversion="5">
<suite id="s1" name="Main" source="C:\Users\hp\Desktop\Smoke testing new\Myalgoutomation\Mainsuite\main.robot">
<kw name="Login With Valid Credentials" owner="LoginTosys" type="SETUP">
<kw name="Open Browser" owner="SeleniumLibrary">
<msg time="2025-02-13T18:44:28.809855" level="INFO">Opening browser 'chrome' to base url 'http://192.168.1.200:3002/'.</msg>
<msg time="2025-02-13T18:44:30.472596" level="INFO">Cannot capture screenshot because no browser is open.</msg>
<msg time="2025-02-13T18:44:30.472928" level="FAIL">NoSuchDriverException: Message: Unable to obtain driver for chrome; For documentation on this error, please visit: https://www.selenium.dev/documentation/webdriver/troubleshooting/errors/driver_location
</msg>
<errors>
<msg time="2025-02-13T18:44:30.587625" level="ERROR">Execution stopped by user.</msg>
</errors>
</robot>
